<?xml version="1.0" encoding="UTF-8"?>
<!-- Generated by org.testng.reporters.JUnitReportReporter -->
<testsuite hostname="Niket" failures="0" tests="1" name="Tests_GET" time="2.920" errors="0" timestamp="2025-03-13T16:34:25 GMT" skipped="0">
  <testcase classname="Tests_GET" name="test_01" time="2.920"/>
</testsuite> <!-- Tests_GET -->
