<?xml version="1.0" encoding="UTF-8"?>
<!-- Generated by org.testng.reporters.JUnitReportReporter -->
<testsuite hostname="Niket" failures="0" tests="1" name="Tests_POST" time="1.530" errors="0" timestamp="2025-03-15T22:20:11 GMT" skipped="0">
  <testcase classname="Tests_POST" name="Test_3" time="1.530"/>
</testsuite> <!-- Tests_POST -->
