<?xml version="1.0" encoding="UTF-8"?>
<!-- Generated by org.testng.reporters.JUnitReportReporter -->
<testsuite hostname="Niket" failures="0" tests="2" name="Test_GET" time="1.981" errors="0" timestamp="2025-03-13T00:02:31 GMT" skipped="0">
  <testcase classname="Test_GET" name="test" time="0.118"/>
  <testcase classname="Test_GET" name="Test_02" time="1.863"/>
</testsuite> <!-- Test_GET -->
