<?xml version="1.0" encoding="UTF-8"?>
<!-- Generated by org.testng.reporters.JUnitReportReporter -->
<testsuite hostname="Niket" failures="0" tests="1" name="Tests_POST" time="2.242" errors="0" timestamp="2025-03-13T16:20:12 GMT" skipped="0">
  <testcase classname="Tests_POST" name="Test_3" time="2.242"/>
</testsuite> <!-- Tests_POST -->
